c:\users\yuuki\desktop\actiongame_1.10_git\actiongame_1.10_git\x64\release\animationmontagedata.obj
c:\users\yuuki\desktop\actiongame_1.10_git\actiongame_1.10_git\x64\release\state.obj
c:\users\yuuki\desktop\actiongame_1.10_git\actiongame_1.10_git\x64\release\playeranimationstatecomponent.obj
c:\users\yuuki\desktop\actiongame_1.10_git\actiongame_1.10_git\x64\release\directx_simple.obj
c:\users\yuuki\desktop\actiongame_1.10_git\actiongame_1.10_git\x64\release\staticmeshdata.obj
c:\users\yuuki\desktop\actiongame_1.10_git\actiongame_1.10_git\x64\release\animationstatecomponent.obj
c:\users\yuuki\desktop\actiongame_1.10_git\actiongame_1.10_git\x64\release\scene.obj
c:\users\yuuki\desktop\actiongame_1.10_git\actiongame_1.10_git\x64\release\wictextureloader.obj
c:\users\yuuki\desktop\actiongame_1.10_git\actiongame_1.10_git\x64\release\gamepad.obj
c:\users\yuuki\desktop\actiongame_1.10_git\actiongame_1.10_git\x64\release\animationassets.obj
c:\users\yuuki\desktop\actiongame_1.10_git\actiongame_1.10_git\x64\release\charactormovecomponent.obj
c:\users\yuuki\desktop\actiongame_1.10_git\actiongame_1.10_git\x64\release\playerstatemove.obj
c:\users\yuuki\desktop\actiongame_1.10_git\actiongame_1.10_git\x64\release\directx_simplebuffer.obj
c:\users\yuuki\desktop\actiongame_1.10_git\actiongame_1.10_git\x64\release\modelassets.obj
c:\users\yuuki\desktop\actiongame_1.10_git\actiongame_1.10_git\x64\release\cameraarmcomponent.obj
c:\users\yuuki\desktop\actiongame_1.10_git\actiongame_1.10_git\x64\release\flooractor.obj
c:\users\yuuki\desktop\actiongame_1.10_git\actiongame_1.10_git\x64\release\application.obj
c:\users\yuuki\desktop\actiongame_1.10_git\actiongame_1.10_git\x64\release\animationmontageassets.obj
c:\users\yuuki\desktop\actiongame_1.10_git\actiongame_1.10_git\x64\release\actor.obj
c:\users\yuuki\desktop\actiongame_1.10_git\actiongame_1.10_git\x64\release\gameplayability.obj
c:\users\yuuki\desktop\actiongame_1.10_git\actiongame_1.10_git\x64\release\actormanager.obj
c:\users\yuuki\desktop\actiongame_1.10_git\actiongame_1.10_git\x64\release\directx_simpleshader.obj
c:\users\yuuki\desktop\actiongame_1.10_git\actiongame_1.10_git\x64\release\notify.obj
c:\users\yuuki\desktop\actiongame_1.10_git\actiongame_1.10_git\x64\release\animationlerp.obj
c:\users\yuuki\desktop\actiongame_1.10_git\actiongame_1.10_git\x64\release\staticmeshcomponent.obj
c:\users\yuuki\desktop\actiongame_1.10_git\actiongame_1.10_git\x64\release\scenemanager.obj
c:\users\yuuki\desktop\actiongame_1.10_git\actiongame_1.10_git\x64\release\winmain.obj
c:\users\yuuki\desktop\actiongame_1.10_git\actiongame_1.10_git\x64\release\skeletalmeshdata.obj
c:\users\yuuki\desktop\actiongame_1.10_git\actiongame_1.10_git\x64\release\animationplayer.obj
c:\users\yuuki\desktop\actiongame_1.10_git\actiongame_1.10_git\x64\release\transformcomponent.obj
c:\users\yuuki\desktop\actiongame_1.10_git\actiongame_1.10_git\x64\release\fbxmyformatmanager.obj
c:\users\yuuki\desktop\actiongame_1.10_git\actiongame_1.10_git\x64\release\directx_simplemath.obj
c:\users\yuuki\desktop\actiongame_1.10_git\actiongame_1.10_git\x64\release\meshdata.obj
c:\users\yuuki\desktop\actiongame_1.10_git\actiongame_1.10_git\x64\release\shaderdata.obj
c:\users\yuuki\desktop\actiongame_1.10_git\actiongame_1.10_git\x64\release\component.obj
c:\users\yuuki\desktop\actiongame_1.10_git\actiongame_1.10_git\x64\release\gpa_rolling.obj
c:\users\yuuki\desktop\actiongame_1.10_git\actiongame_1.10_git\x64\release\fpscontrol.obj
c:\users\yuuki\desktop\actiongame_1.10_git\actiongame_1.10_git\x64\release\shaderassets.obj
c:\users\yuuki\desktop\actiongame_1.10_git\actiongame_1.10_git\x64\release\charactoractor.obj
c:\users\yuuki\desktop\actiongame_1.10_git\actiongame_1.10_git\x64\release\gameplayabilitysystemcomponent.obj
c:\users\yuuki\desktop\actiongame_1.10_git\actiongame_1.10_git\x64\release\componentmanager.obj
c:\users\yuuki\desktop\actiongame_1.10_git\actiongame_1.10_git\x64\release\window.obj
c:\users\yuuki\desktop\actiongame_1.10_git\actiongame_1.10_git\x64\release\skeletondata.obj
c:\users\yuuki\desktop\actiongame_1.10_git\actiongame_1.10_git\x64\release\easing.obj
c:\users\yuuki\desktop\actiongame_1.10_git\actiongame_1.10_git\x64\release\cameracomponent.obj
c:\users\yuuki\desktop\actiongame_1.10_git\actiongame_1.10_git\x64\release\playeractor.obj
c:\users\yuuki\desktop\actiongame_1.10_git\actiongame_1.10_git\x64\release\ddstextureloader.obj
c:\users\yuuki\desktop\actiongame_1.10_git\actiongame_1.10_git\x64\release\directinput.obj
c:\users\yuuki\desktop\actiongame_1.10_git\actiongame_1.10_git\x64\release\keyfreamdata.obj
c:\users\yuuki\desktop\actiongame_1.10_git\actiongame_1.10_git\x64\release\animationmontagecomponent.obj
c:\users\yuuki\desktop\actiongame_1.10_git\actiongame_1.10_git\x64\release\gamescene.obj
c:\users\yuuki\desktop\actiongame_1.10_git\actiongame_1.10_git\x64\release\direct3d.obj
c:\users\yuuki\desktop\actiongame_1.10_git\actiongame_1.10_git\x64\release\directx_worldtransform.obj
c:\users\yuuki\desktop\actiongame_1.10_git\actiongame_1.10_git\x64\release\animationdata.obj
c:\users\yuuki\desktop\actiongame_1.10_git\actiongame_1.10_git\x64\release\animationcontrollercomponent.obj
c:\users\yuuki\desktop\actiongame_1.10_git\actiongame_1.10_git\x64\release\skeletalmeshcomponent.obj
c:\users\yuuki\desktop\actiongame_1.10_git\actiongame_1.10_git\x64\release\camera.obj
c:\users\yuuki\desktop\actiongame_1.10_git\actiongame_1.10_git\x64\release\vc143.pdb
c:\users\yuuki\desktop\actiongame_1.10_git\actiongame_1.10_git\x64\release\gpa_attack_base.obj
c:\users\yuuki\desktop\actiongame_1.10_git\actiongame_1.10_git\x64\release\gpa_sward_attack1.obj
c:\users\yuuki\desktop\actiongame_1.10_git\x64\release\actiongame_1.10_git.exe
c:\users\yuuki\desktop\actiongame_1.10_git\actiongame_1.10_git\x64\release\actiongame_1.10_git.ipdb
c:\users\yuuki\desktop\actiongame_1.10_git\x64\release\actiongame_1.10_git.pdb
c:\users\yuuki\desktop\actiongame_1.10_git\actiongame_1.10_git\x64\release\actiongame_1.10_git.iobj
c:\users\yuuki\desktop\actiongame_1.10_git\actiongame_1.10_git\x64\release\actionga.53507df3.tlog\cl.command.1.tlog
c:\users\yuuki\desktop\actiongame_1.10_git\actiongame_1.10_git\x64\release\actionga.53507df3.tlog\cl.read.1.tlog
c:\users\yuuki\desktop\actiongame_1.10_git\actiongame_1.10_git\x64\release\actionga.53507df3.tlog\cl.write.1.tlog
c:\users\yuuki\desktop\actiongame_1.10_git\actiongame_1.10_git\x64\release\actionga.53507df3.tlog\link.command.1.tlog
c:\users\yuuki\desktop\actiongame_1.10_git\actiongame_1.10_git\x64\release\actionga.53507df3.tlog\link.read.1.tlog
c:\users\yuuki\desktop\actiongame_1.10_git\actiongame_1.10_git\x64\release\actionga.53507df3.tlog\link.write.1.tlog
