c:\users\yuuki\desktop\actiongame_1.10_git\actiongame_1.10_git\x64\debug\skeletalmeshdata.obj
c:\users\yuuki\desktop\actiongame_1.10_git\actiongame_1.10_git\x64\debug\easing.obj
c:\users\yuuki\desktop\actiongame_1.10_git\actiongame_1.10_git\x64\debug\charactormovecomponent.obj
c:\users\yuuki\desktop\actiongame_1.10_git\actiongame_1.10_git\x64\debug\playerstatemove.obj
c:\users\yuuki\desktop\actiongame_1.10_git\actiongame_1.10_git\x64\debug\directx_simplebuffer.obj
c:\users\yuuki\desktop\actiongame_1.10_git\actiongame_1.10_git\x64\debug\modelassets.obj
c:\users\yuuki\desktop\actiongame_1.10_git\actiongame_1.10_git\x64\debug\cameracomponent.obj
c:\users\yuuki\desktop\actiongame_1.10_git\actiongame_1.10_git\x64\debug\skeletalmeshcomponent.obj
c:\users\yuuki\desktop\actiongame_1.10_git\actiongame_1.10_git\x64\debug\application.obj
c:\users\yuuki\desktop\actiongame_1.10_git\actiongame_1.10_git\x64\debug\animationmontagedata.obj
c:\users\yuuki\desktop\actiongame_1.10_git\actiongame_1.10_git\x64\debug\animationstatecomponent.obj
c:\users\yuuki\desktop\actiongame_1.10_git\actiongame_1.10_git\x64\debug\flooractor.obj
c:\users\yuuki\desktop\actiongame_1.10_git\actiongame_1.10_git\x64\debug\camera.obj
c:\users\yuuki\desktop\actiongame_1.10_git\actiongame_1.10_git\x64\debug\keyfreamdata.obj
c:\users\yuuki\desktop\actiongame_1.10_git\actiongame_1.10_git\x64\debug\charactoractor.obj
c:\users\yuuki\desktop\actiongame_1.10_git\actiongame_1.10_git\x64\debug\gameplayabilitysystemcomponent.obj
c:\users\yuuki\desktop\actiongame_1.10_git\actiongame_1.10_git\x64\debug\fbxmyformatmanager.obj
c:\users\yuuki\desktop\actiongame_1.10_git\actiongame_1.10_git\x64\debug\directx_simplemath.obj
c:\users\yuuki\desktop\actiongame_1.10_git\actiongame_1.10_git\x64\debug\meshdata.obj
c:\users\yuuki\desktop\actiongame_1.10_git\actiongame_1.10_git\x64\debug\actor.obj
c:\users\yuuki\desktop\actiongame_1.10_git\actiongame_1.10_git\x64\debug\component.obj
c:\users\yuuki\desktop\actiongame_1.10_git\actiongame_1.10_git\x64\debug\gpa_rolling.obj
c:\users\yuuki\desktop\actiongame_1.10_git\actiongame_1.10_git\x64\debug\window.obj
c:\users\yuuki\desktop\actiongame_1.10_git\actiongame_1.10_git\x64\debug\animationdata.obj
c:\users\yuuki\desktop\actiongame_1.10_git\actiongame_1.10_git\x64\debug\animationplayer.obj
c:\users\yuuki\desktop\actiongame_1.10_git\actiongame_1.10_git\x64\debug\gamescene.obj
c:\users\yuuki\desktop\actiongame_1.10_git\actiongame_1.10_git\x64\debug\direct3d.obj
c:\users\yuuki\desktop\actiongame_1.10_git\actiongame_1.10_git\x64\debug\directinput.obj
c:\users\yuuki\desktop\actiongame_1.10_git\actiongame_1.10_git\x64\debug\animationmontageassets.obj
c:\users\yuuki\desktop\actiongame_1.10_git\actiongame_1.10_git\x64\debug\animationlerp.obj
c:\users\yuuki\desktop\actiongame_1.10_git\actiongame_1.10_git\x64\debug\scene.obj
c:\users\yuuki\desktop\actiongame_1.10_git\actiongame_1.10_git\x64\debug\ddstextureloader.obj
c:\users\yuuki\desktop\actiongame_1.10_git\actiongame_1.10_git\x64\debug\directx_worldtransform.obj
c:\users\yuuki\desktop\actiongame_1.10_git\actiongame_1.10_git\x64\debug\staticmeshdata.obj
c:\users\yuuki\desktop\actiongame_1.10_git\actiongame_1.10_git\x64\debug\animationmontagecomponent.obj
c:\users\yuuki\desktop\actiongame_1.10_git\actiongame_1.10_git\x64\debug\playeranimationstatecomponent.obj
c:\users\yuuki\desktop\actiongame_1.10_git\actiongame_1.10_git\x64\debug\directx_simple.obj
c:\users\yuuki\desktop\actiongame_1.10_git\actiongame_1.10_git\x64\debug\skeletondata.obj
c:\users\yuuki\desktop\actiongame_1.10_git\actiongame_1.10_git\x64\debug\state.obj
c:\users\yuuki\desktop\actiongame_1.10_git\actiongame_1.10_git\x64\debug\playeractor.obj
c:\users\yuuki\desktop\actiongame_1.10_git\actiongame_1.10_git\x64\debug\wictextureloader.obj
c:\users\yuuki\desktop\actiongame_1.10_git\actiongame_1.10_git\x64\debug\fpscontrol.obj
c:\users\yuuki\desktop\actiongame_1.10_git\actiongame_1.10_git\x64\debug\notify.obj
c:\users\yuuki\desktop\actiongame_1.10_git\actiongame_1.10_git\x64\debug\animationcontrollercomponent.obj
c:\users\yuuki\desktop\actiongame_1.10_git\actiongame_1.10_git\x64\debug\transformcomponent.obj
c:\users\yuuki\desktop\actiongame_1.10_git\actiongame_1.10_git\x64\debug\componentmanager.obj
c:\users\yuuki\desktop\actiongame_1.10_git\actiongame_1.10_git\x64\debug\gamepad.obj
c:\users\yuuki\desktop\actiongame_1.10_git\actiongame_1.10_git\x64\debug\animationassets.obj
c:\users\yuuki\desktop\actiongame_1.10_git\actiongame_1.10_git\x64\debug\cameraarmcomponent.obj
c:\users\yuuki\desktop\actiongame_1.10_git\actiongame_1.10_git\x64\debug\staticmeshcomponent.obj
c:\users\yuuki\desktop\actiongame_1.10_git\actiongame_1.10_git\x64\debug\scenemanager.obj
c:\users\yuuki\desktop\actiongame_1.10_git\actiongame_1.10_git\x64\debug\winmain.obj
c:\users\yuuki\desktop\actiongame_1.10_git\actiongame_1.10_git\x64\debug\shaderassets.obj
c:\users\yuuki\desktop\actiongame_1.10_git\actiongame_1.10_git\x64\debug\shaderdata.obj
c:\users\yuuki\desktop\actiongame_1.10_git\actiongame_1.10_git\x64\debug\gameplayability.obj
c:\users\yuuki\desktop\actiongame_1.10_git\actiongame_1.10_git\x64\debug\actormanager.obj
c:\users\yuuki\desktop\actiongame_1.10_git\actiongame_1.10_git\x64\debug\directx_simpleshader.obj
c:\users\yuuki\desktop\actiongame_1.10_git\actiongame_1.10_git\x64\debug\vc143.pdb
c:\users\yuuki\desktop\actiongame_1.10_git\actiongame_1.10_git\x64\debug\vc143.idb
c:\users\yuuki\desktop\actiongame_1.10_git\x64\debug\actiongame_1.10_git.exe
c:\users\yuuki\desktop\actiongame_1.10_git\actiongame_1.10_git\x64\debug\actiongame_1.10_git.ilk
c:\users\yuuki\desktop\actiongame_1.10_git\x64\debug\actiongame_1.10_git.pdb
c:\users\yuuki\desktop\actiongame_1.10_git\actiongame_1.10_git\x64\debug\actionga.53507df3.tlog\cl.command.1.tlog
c:\users\yuuki\desktop\actiongame_1.10_git\actiongame_1.10_git\x64\debug\actionga.53507df3.tlog\cl.read.1.tlog
c:\users\yuuki\desktop\actiongame_1.10_git\actiongame_1.10_git\x64\debug\actionga.53507df3.tlog\cl.write.1.tlog
c:\users\yuuki\desktop\actiongame_1.10_git\actiongame_1.10_git\x64\debug\actionga.53507df3.tlog\link.command.1.tlog
c:\users\yuuki\desktop\actiongame_1.10_git\actiongame_1.10_git\x64\debug\actionga.53507df3.tlog\link.read.1.tlog
c:\users\yuuki\desktop\actiongame_1.10_git\actiongame_1.10_git\x64\debug\actionga.53507df3.tlog\link.write.1.tlog
